<?xml version="1.0" encoding="UTF-8"?>
<testsuite name="com.mindex.challenge.DataBootstrapTest" tests="1" skipped="0" failures="0" errors="0" timestamp="2024-02-13T23:39:19" hostname="David" time="0.015">
  <properties/>
  <testcase name="test" classname="com.mindex.challenge.DataBootstrapTest" time="0.015"/>
  <system-out><![CDATA[2024-02-13 18:39:19.122  INFO 218656 --- [    Test worker] .b.t.c.SpringBootTestContextBootstrapper : Neither @ContextConfiguration nor @ContextHierarchy found for test class [com.mindex.challenge.DataBootstrapTest], using SpringBootContextLoader
2024-02-13 18:39:19.131  INFO 218656 --- [    Test worker] o.s.t.c.support.AbstractContextLoader    : Could not detect default resource locations for test class [com.mindex.challenge.DataBootstrapTest]: no resource found for suffixes {-context.xml, Context.groovy}.
2024-02-13 18:39:19.131  INFO 218656 --- [    Test worker] t.c.s.AnnotationConfigContextLoaderUtils : Could not detect default configuration classes for test class [com.mindex.challenge.DataBootstrapTest]: DataBootstrapTest does not declare any static, non-private, non-final, nested classes annotated with @Configuration.
2024-02-13 18:39:19.134  INFO 218656 --- [    Test worker] .b.t.c.SpringBootTestContextBootstrapper : Found @SpringBootConfiguration com.mindex.challenge.ChallengeApplication for test class com.mindex.challenge.DataBootstrapTest
2024-02-13 18:39:19.136  INFO 218656 --- [    Test worker] .b.t.c.SpringBootTestContextBootstrapper : Loaded default TestExecutionListener class names from location [META-INF/spring.factories]: [org.springframework.boot.test.autoconfigure.restdocs.RestDocsTestExecutionListener, org.springframework.boot.test.autoconfigure.web.client.MockRestServiceServerResetTestExecutionListener, org.springframework.boot.test.autoconfigure.web.servlet.MockMvcPrintOnlyOnFailureTestExecutionListener, org.springframework.boot.test.autoconfigure.web.servlet.WebDriverTestExecutionListener, org.springframework.boot.test.mock.mockito.MockitoTestExecutionListener, org.springframework.boot.test.mock.mockito.ResetMocksTestExecutionListener, org.springframework.test.context.web.ServletTestExecutionListener, org.springframework.test.context.support.DirtiesContextBeforeModesTestExecutionListener, org.springframework.test.context.support.DependencyInjectionTestExecutionListener, org.springframework.test.context.support.DirtiesContextTestExecutionListener, org.springframework.test.context.transaction.TransactionalTestExecutionListener, org.springframework.test.context.jdbc.SqlScriptsTestExecutionListener, org.springframework.test.context.event.EventPublishingTestExecutionListener]
2024-02-13 18:39:19.137  INFO 218656 --- [    Test worker] .b.t.c.SpringBootTestContextBootstrapper : Using TestExecutionListeners: [org.springframework.test.context.web.ServletTestExecutionListener@3041f0fb, org.springframework.test.context.support.DirtiesContextBeforeModesTestExecutionListener@7004be1f, org.springframework.boot.test.mock.mockito.MockitoTestExecutionListener@470562a7, org.springframework.boot.test.autoconfigure.SpringBootDependencyInjectionTestExecutionListener@74027798, org.springframework.test.context.support.DirtiesContextTestExecutionListener@4bfb97cb, org.springframework.test.context.transaction.TransactionalTestExecutionListener@1e5a2ced, org.springframework.test.context.jdbc.SqlScriptsTestExecutionListener@72a665db, org.springframework.test.context.event.EventPublishingTestExecutionListener@157f72a0, org.springframework.boot.test.autoconfigure.restdocs.RestDocsTestExecutionListener@2adea0b, org.springframework.boot.test.autoconfigure.web.client.MockRestServiceServerResetTestExecutionListener@4d5f93f7, org.springframework.boot.test.autoconfigure.web.servlet.MockMvcPrintOnlyOnFailureTestExecutionListener@c16bf3a, org.springframework.boot.test.autoconfigure.web.servlet.WebDriverTestExecutionListener@6292266a, org.springframework.boot.test.mock.mockito.ResetMocksTestExecutionListener@f026581]
]]></system-out>
  <system-err><![CDATA[]]></system-err>
</testsuite>
