<?xml version="1.0" encoding="UTF-8"?>
<testsuite name="com.mindex.challenge.service.impl.EmployeeServiceImplTest" tests="2" skipped="0" failures="0" errors="0" timestamp="2024-02-13T23:39:17" hostname="David" time="0.66">
  <properties/>
  <testcase name="testCreateReadUpdate" classname="com.mindex.challenge.service.impl.EmployeeServiceImplTest" time="0.607"/>
  <testcase name="testCreateReportingStructure" classname="com.mindex.challenge.service.impl.EmployeeServiceImplTest" time="0.048"/>
  <system-out><![CDATA[18:39:12.590 [Test worker] DEBUG org.springframework.test.context.junit4.SpringJUnit4ClassRunner - SpringJUnit4ClassRunner constructor called with [class com.mindex.challenge.service.impl.EmployeeServiceImplTest]
18:39:12.602 [Test worker] DEBUG org.springframework.test.context.BootstrapUtils - Instantiating CacheAwareContextLoaderDelegate from class [org.springframework.test.context.cache.DefaultCacheAwareContextLoaderDelegate]
18:39:12.609 [Test worker] DEBUG org.springframework.test.context.BootstrapUtils - Instantiating BootstrapContext using constructor [public org.springframework.test.context.support.DefaultBootstrapContext(java.lang.Class,org.springframework.test.context.CacheAwareContextLoaderDelegate)]
18:39:12.642 [Test worker] DEBUG org.springframework.test.context.BootstrapUtils - Instantiating TestContextBootstrapper for test class [com.mindex.challenge.service.impl.EmployeeServiceImplTest] from class [org.springframework.boot.test.context.SpringBootTestContextBootstrapper]
18:39:12.657 [Test worker] INFO org.springframework.boot.test.context.SpringBootTestContextBootstrapper - Neither @ContextConfiguration nor @ContextHierarchy found for test class [com.mindex.challenge.service.impl.EmployeeServiceImplTest], using SpringBootContextLoader
18:39:12.661 [Test worker] DEBUG org.springframework.test.context.support.AbstractContextLoader - Did not detect default resource location for test class [com.mindex.challenge.service.impl.EmployeeServiceImplTest]: class path resource [com/mindex/challenge/service/impl/EmployeeServiceImplTest-context.xml] does not exist
18:39:12.661 [Test worker] DEBUG org.springframework.test.context.support.AbstractContextLoader - Did not detect default resource location for test class [com.mindex.challenge.service.impl.EmployeeServiceImplTest]: class path resource [com/mindex/challenge/service/impl/EmployeeServiceImplTestContext.groovy] does not exist
18:39:12.662 [Test worker] INFO org.springframework.test.context.support.AbstractContextLoader - Could not detect default resource locations for test class [com.mindex.challenge.service.impl.EmployeeServiceImplTest]: no resource found for suffixes {-context.xml, Context.groovy}.
18:39:12.663 [Test worker] INFO org.springframework.test.context.support.AnnotationConfigContextLoaderUtils - Could not detect default configuration classes for test class [com.mindex.challenge.service.impl.EmployeeServiceImplTest]: EmployeeServiceImplTest does not declare any static, non-private, non-final, nested classes annotated with @Configuration.
18:39:12.708 [Test worker] DEBUG org.springframework.test.context.support.ActiveProfilesUtils - Could not find an 'annotation declaring class' for annotation type [org.springframework.test.context.ActiveProfiles] and class [com.mindex.challenge.service.impl.EmployeeServiceImplTest]
18:39:12.790 [Test worker] DEBUG org.springframework.context.annotation.ClassPathScanningCandidateComponentProvider - Identified candidate component class: file [/home/david/workspace/mindex-java-code-challenge/build/classes/java/main/com/mindex/challenge/ChallengeApplication.class]
18:39:12.796 [Test worker] INFO org.springframework.boot.test.context.SpringBootTestContextBootstrapper - Found @SpringBootConfiguration com.mindex.challenge.ChallengeApplication for test class com.mindex.challenge.service.impl.EmployeeServiceImplTest
18:39:12.879 [Test worker] DEBUG org.springframework.boot.test.context.SpringBootTestContextBootstrapper - @TestExecutionListeners is not present for class [com.mindex.challenge.service.impl.EmployeeServiceImplTest]: using defaults.
18:39:12.880 [Test worker] INFO org.springframework.boot.test.context.SpringBootTestContextBootstrapper - Loaded default TestExecutionListener class names from location [META-INF/spring.factories]: [org.springframework.boot.test.autoconfigure.restdocs.RestDocsTestExecutionListener, org.springframework.boot.test.autoconfigure.web.client.MockRestServiceServerResetTestExecutionListener, org.springframework.boot.test.autoconfigure.web.servlet.MockMvcPrintOnlyOnFailureTestExecutionListener, org.springframework.boot.test.autoconfigure.web.servlet.WebDriverTestExecutionListener, org.springframework.boot.test.mock.mockito.MockitoTestExecutionListener, org.springframework.boot.test.mock.mockito.ResetMocksTestExecutionListener, org.springframework.test.context.web.ServletTestExecutionListener, org.springframework.test.context.support.DirtiesContextBeforeModesTestExecutionListener, org.springframework.test.context.support.DependencyInjectionTestExecutionListener, org.springframework.test.context.support.DirtiesContextTestExecutionListener, org.springframework.test.context.transaction.TransactionalTestExecutionListener, org.springframework.test.context.jdbc.SqlScriptsTestExecutionListener, org.springframework.test.context.event.EventPublishingTestExecutionListener]
18:39:12.897 [Test worker] INFO org.springframework.boot.test.context.SpringBootTestContextBootstrapper - Using TestExecutionListeners: [org.springframework.test.context.web.ServletTestExecutionListener@79180a9, org.springframework.test.context.support.DirtiesContextBeforeModesTestExecutionListener@bf51c7d, org.springframework.boot.test.mock.mockito.MockitoTestExecutionListener@4fa38327, org.springframework.boot.test.autoconfigure.SpringBootDependencyInjectionTestExecutionListener@586f52ff, org.springframework.test.context.support.DirtiesContextTestExecutionListener@53700593, org.springframework.test.context.transaction.TransactionalTestExecutionListener@70c5fd74, org.springframework.test.context.jdbc.SqlScriptsTestExecutionListener@232cf2f0, org.springframework.test.context.event.EventPublishingTestExecutionListener@1f6a4c0, org.springframework.boot.test.autoconfigure.restdocs.RestDocsTestExecutionListener@52f965f0, org.springframework.boot.test.autoconfigure.web.client.MockRestServiceServerResetTestExecutionListener@d881c86, org.springframework.boot.test.autoconfigure.web.servlet.MockMvcPrintOnlyOnFailureTestExecutionListener@4977d4b5, org.springframework.boot.test.autoconfigure.web.servlet.WebDriverTestExecutionListener@7d13a9ff, org.springframework.boot.test.mock.mockito.ResetMocksTestExecutionListener@645c8548]
18:39:12.900 [Test worker] DEBUG org.springframework.test.annotation.ProfileValueUtils - Retrieved @ProfileValueSourceConfiguration [null] for test class [com.mindex.challenge.service.impl.EmployeeServiceImplTest]
18:39:12.900 [Test worker] DEBUG org.springframework.test.annotation.ProfileValueUtils - Retrieved ProfileValueSource type [class org.springframework.test.annotation.SystemProfileValueSource] for class [com.mindex.challenge.service.impl.EmployeeServiceImplTest]
18:39:12.902 [Test worker] DEBUG org.springframework.test.annotation.ProfileValueUtils - Retrieved @ProfileValueSourceConfiguration [null] for test class [com.mindex.challenge.service.impl.EmployeeServiceImplTest]
18:39:12.902 [Test worker] DEBUG org.springframework.test.annotation.ProfileValueUtils - Retrieved ProfileValueSource type [class org.springframework.test.annotation.SystemProfileValueSource] for class [com.mindex.challenge.service.impl.EmployeeServiceImplTest]
18:39:12.909 [Test worker] DEBUG org.springframework.test.context.support.AbstractDirtiesContextTestExecutionListener - Before test class: context [DefaultTestContext@2b5ce9a2 testClass = EmployeeServiceImplTest, testInstance = [null], testMethod = [null], testException = [null], mergedContextConfiguration = [WebMergedContextConfiguration@7d52035e testClass = EmployeeServiceImplTest, locations = '{}', classes = '{class com.mindex.challenge.ChallengeApplication}', contextInitializerClasses = '[]', activeProfiles = '{}', propertySourceLocations = '{}', propertySourceProperties = '{org.springframework.boot.test.context.SpringBootTestContextBootstrapper=true, server.port=0}', contextCustomizers = set[org.springframework.boot.test.autoconfigure.properties.PropertyMappingContextCustomizer@0, org.springframework.boot.test.autoconfigure.web.servlet.WebDriverContextCustomizerFactory$Customizer@2831718f, org.springframework.boot.test.context.filter.ExcludeFilterContextCustomizer@57daece7, org.springframework.boot.test.json.DuplicateJsonObjectContextCustomizerFactory$DuplicateJsonObjectContextCustomizer@53fe46a6, org.springframework.boot.test.mock.mockito.MockitoContextCustomizer@0, org.springframework.boot.test.web.client.TestRestTemplateContextCustomizer@268d61c9], resourceBasePath = 'src/main/webapp', contextLoader = 'org.springframework.boot.test.context.SpringBootContextLoader', parent = [null]], attributes = map['org.springframework.test.context.web.ServletTestExecutionListener.activateListener' -> false]], class annotated with @DirtiesContext [false] with mode [null].
18:39:12.911 [Test worker] DEBUG org.springframework.test.annotation.ProfileValueUtils - Retrieved @ProfileValueSourceConfiguration [null] for test class [com.mindex.challenge.service.impl.EmployeeServiceImplTest]
18:39:12.912 [Test worker] DEBUG org.springframework.test.annotation.ProfileValueUtils - Retrieved ProfileValueSource type [class org.springframework.test.annotation.SystemProfileValueSource] for class [com.mindex.challenge.service.impl.EmployeeServiceImplTest]
18:39:12.915 [Test worker] DEBUG org.springframework.test.context.support.DependencyInjectionTestExecutionListener - Performing dependency injection for test context [[DefaultTestContext@2b5ce9a2 testClass = EmployeeServiceImplTest, testInstance = com.mindex.challenge.service.impl.EmployeeServiceImplTest@16377514, testMethod = [null], testException = [null], mergedContextConfiguration = [WebMergedContextConfiguration@7d52035e testClass = EmployeeServiceImplTest, locations = '{}', classes = '{class com.mindex.challenge.ChallengeApplication}', contextInitializerClasses = '[]', activeProfiles = '{}', propertySourceLocations = '{}', propertySourceProperties = '{org.springframework.boot.test.context.SpringBootTestContextBootstrapper=true, server.port=0}', contextCustomizers = set[org.springframework.boot.test.autoconfigure.properties.PropertyMappingContextCustomizer@0, org.springframework.boot.test.autoconfigure.web.servlet.WebDriverContextCustomizerFactory$Customizer@2831718f, org.springframework.boot.test.context.filter.ExcludeFilterContextCustomizer@57daece7, org.springframework.boot.test.json.DuplicateJsonObjectContextCustomizerFactory$DuplicateJsonObjectContextCustomizer@53fe46a6, org.springframework.boot.test.mock.mockito.MockitoContextCustomizer@0, org.springframework.boot.test.web.client.TestRestTemplateContextCustomizer@268d61c9], resourceBasePath = 'src/main/webapp', contextLoader = 'org.springframework.boot.test.context.SpringBootContextLoader', parent = [null]], attributes = map['org.springframework.test.context.web.ServletTestExecutionListener.activateListener' -> false]]].
18:39:12.934 [Test worker] DEBUG org.springframework.test.context.support.TestPropertySourceUtils - Adding inlined properties to environment: {spring.jmx.enabled=false, org.springframework.boot.test.context.SpringBootTestContextBootstrapper=true, server.port=0}

  .   ____          _            __ _ _
 /\\ / ___'_ __ _ _(_)_ __  __ _ \ \ \ \
( ( )\___ | '_ | '_| | '_ \/ _` | \ \ \ \
 \\/  ___)| |_)| | | | | || (_| |  ) ) ) )
  '  |____| .__|_| |_|_| |_\__, | / / / /
 =========|_|==============|___/=/_/_/_/
 :: Spring Boot ::        (v2.2.0.RELEASE)

2024-02-13 18:39:13.399  INFO 218656 --- [    Test worker] c.m.c.s.impl.EmployeeServiceImplTest     : Starting EmployeeServiceImplTest on David with PID 218656 (started by david in /home/david/workspace/mindex-java-code-challenge)
2024-02-13 18:39:13.401 DEBUG 218656 --- [    Test worker] c.m.c.s.impl.EmployeeServiceImplTest     : Running with Spring Boot v2.2.0.RELEASE, Spring v5.2.0.RELEASE
2024-02-13 18:39:13.402  INFO 218656 --- [    Test worker] c.m.c.s.impl.EmployeeServiceImplTest     : No active profile set, falling back to default profiles: default
2024-02-13 18:39:14.155  INFO 218656 --- [    Test worker] .s.d.r.c.RepositoryConfigurationDelegate : Bootstrapping Spring Data repositories in DEFAULT mode.
2024-02-13 18:39:14.236  INFO 218656 --- [    Test worker] .s.d.r.c.RepositoryConfigurationDelegate : Finished Spring Data repository scanning in 74ms. Found 2 repository interfaces.
2024-02-13 18:39:15.400  INFO 218656 --- [    Test worker] o.s.b.w.embedded.tomcat.TomcatWebServer  : Tomcat initialized with port(s): 0 (http)
2024-02-13 18:39:15.410  INFO 218656 --- [    Test worker] o.apache.catalina.core.StandardService   : Starting service [Tomcat]
2024-02-13 18:39:15.411  INFO 218656 --- [    Test worker] org.apache.catalina.core.StandardEngine  : Starting Servlet engine: [Apache Tomcat/9.0.27]
2024-02-13 18:39:15.506  INFO 218656 --- [    Test worker] o.a.c.c.C.[Tomcat].[localhost].[/]       : Initializing Spring embedded WebApplicationContext
2024-02-13 18:39:15.507  INFO 218656 --- [    Test worker] o.s.web.context.ContextLoader            : Root WebApplicationContext: initialization completed in 2079 ms
2024-02-13 18:39:15.764  INFO 218656 --- [    Test worker] de.bwaldvogel.mongo.MongoServer          : started MongoServer(port: 45029, ssl: false)
2024-02-13 18:39:15.836  INFO 218656 --- [    Test worker] org.mongodb.driver.cluster               : Cluster created with settings {hosts=[127.0.0.1:45029], mode=SINGLE, requiredClusterType=UNKNOWN, serverSelectionTimeout='30000 ms', maxWaitQueueSize=500}
2024-02-13 18:39:15.907  INFO 218656 --- [-server-worker1] d.b.mongo.wire.MongoWireProtocolHandler  : client [id: 0xc990bf83, L:/127.0.0.1:45029 - R:/127.0.0.1:33596] connected
2024-02-13 18:39:15.993  WARN 218656 --- [    Test worker] o.s.data.convert.CustomConversions       : Registering converter from class java.time.LocalDateTime to class java.time.Instant as reading converter although it doesn't convert from a store-supported type! You might wanna check you annotation setup at the converter implementation.
2024-02-13 18:39:15.995  WARN 218656 --- [    Test worker] o.s.data.convert.CustomConversions       : Registering converter from class java.time.Instant to class java.time.LocalDateTime as reading converter although it doesn't convert from a store-supported type! You might wanna check you annotation setup at the converter implementation.
2024-02-13 18:39:15.997  INFO 218656 --- [127.0.0.1:45029] org.mongodb.driver.connection            : Opened connection [connectionId{localValue:1}] to 127.0.0.1:45029
2024-02-13 18:39:16.005  INFO 218656 --- [127.0.0.1:45029] org.mongodb.driver.cluster               : Monitor thread successfully connected to server with description ServerDescription{address=127.0.0.1:45029, type=STANDALONE, state=CONNECTED, ok=true, version=ServerVersion{versionList=[3, 0, 0]}, minWireVersion=0, maxWireVersion=2, maxDocumentSize=16777216, logicalSessionTimeoutMinutes=null, roundTripTimeNanos=1490400}
2024-02-13 18:39:16.007  WARN 218656 --- [    Test worker] o.s.data.convert.CustomConversions       : Registering converter from class java.time.LocalDateTime to class java.time.Instant as reading converter although it doesn't convert from a store-supported type! You might wanna check you annotation setup at the converter implementation.
2024-02-13 18:39:16.010  WARN 218656 --- [    Test worker] o.s.data.convert.CustomConversions       : Registering converter from class java.time.Instant to class java.time.LocalDateTime as reading converter although it doesn't convert from a store-supported type! You might wanna check you annotation setup at the converter implementation.
2024-02-13 18:39:16.580  INFO 218656 --- [-server-worker2] d.b.mongo.wire.MongoWireProtocolHandler  : client [id: 0xf3fd9a8b, L:/127.0.0.1:45029 - R:/127.0.0.1:33610] connected
2024-02-13 18:39:16.600  INFO 218656 --- [    Test worker] org.mongodb.driver.connection            : Opened connection [connectionId{localValue:2}] to 127.0.0.1:45029
2024-02-13 18:39:16.619  INFO 218656 --- [-server-worker2] d.b.mongo.backend.AbstractMongoBackend   : created database test
2024-02-13 18:39:16.632  INFO 218656 --- [-server-worker2] d.b.mongo.backend.AbstractMongoDatabase  : adding unique _id index for collection employee
2024-02-13 18:39:16.636  INFO 218656 --- [-server-worker2] d.b.mongo.backend.AbstractMongoDatabase  : created collection test.employee
2024-02-13 18:39:16.975  INFO 218656 --- [    Test worker] o.s.s.concurrent.ThreadPoolTaskExecutor  : Initializing ExecutorService 'applicationTaskExecutor'
2024-02-13 18:39:17.177  WARN 218656 --- [    Test worker] o.s.data.convert.CustomConversions       : Registering converter from class java.time.LocalDateTime to class java.time.Instant as reading converter although it doesn't convert from a store-supported type! You might wanna check you annotation setup at the converter implementation.
2024-02-13 18:39:17.178  WARN 218656 --- [    Test worker] o.s.data.convert.CustomConversions       : Registering converter from class java.time.Instant to class java.time.LocalDateTime as reading converter although it doesn't convert from a store-supported type! You might wanna check you annotation setup at the converter implementation.
2024-02-13 18:39:17.198  WARN 218656 --- [    Test worker] o.s.data.convert.CustomConversions       : Registering converter from class java.time.LocalDateTime to class java.time.Instant as reading converter although it doesn't convert from a store-supported type! You might wanna check you annotation setup at the converter implementation.
2024-02-13 18:39:17.199  WARN 218656 --- [    Test worker] o.s.data.convert.CustomConversions       : Registering converter from class java.time.Instant to class java.time.LocalDateTime as reading converter although it doesn't convert from a store-supported type! You might wanna check you annotation setup at the converter implementation.
2024-02-13 18:39:17.316  INFO 218656 --- [    Test worker] o.s.b.w.embedded.tomcat.TomcatWebServer  : Tomcat started on port(s): 45595 (http) with context path ''
2024-02-13 18:39:17.320  INFO 218656 --- [    Test worker] c.m.c.s.impl.EmployeeServiceImplTest     : Started EmployeeServiceImplTest in 4.382 seconds (JVM running for 5.403)
2024-02-13 18:39:17.784  INFO 218656 --- [o-auto-1-exec-1] o.a.c.c.C.[Tomcat].[localhost].[/]       : Initializing Spring DispatcherServlet 'dispatcherServlet'
2024-02-13 18:39:17.785  INFO 218656 --- [o-auto-1-exec-1] o.s.web.servlet.DispatcherServlet        : Initializing Servlet 'dispatcherServlet'
2024-02-13 18:39:17.803  INFO 218656 --- [o-auto-1-exec-1] o.s.web.servlet.DispatcherServlet        : Completed initialization in 18 ms
2024-02-13 18:39:17.836 DEBUG 218656 --- [o-auto-1-exec-1] c.m.c.controller.EmployeeController      : Received employee create request for [com.mindex.challenge.data.Employee@1ab7d9bd]
2024-02-13 18:39:17.836 DEBUG 218656 --- [o-auto-1-exec-1] c.m.c.service.impl.EmployeeServiceImpl   : Creating employee [com.mindex.challenge.data.Employee@1ab7d9bd]
2024-02-13 18:39:17.866 DEBUG 218656 --- [o-auto-1-exec-2] c.m.c.controller.EmployeeController      : Received employee read request for id [e0297a39-40b8-47d3-a7c8-2c5168f7ce75]
2024-02-13 18:39:17.867 DEBUG 218656 --- [o-auto-1-exec-2] c.m.c.service.impl.EmployeeServiceImpl   : Reading employee with id [e0297a39-40b8-47d3-a7c8-2c5168f7ce75]
2024-02-13 18:39:17.925 DEBUG 218656 --- [o-auto-1-exec-3] c.m.c.controller.EmployeeController      : Received employee create request for id [e0297a39-40b8-47d3-a7c8-2c5168f7ce75] and employee [com.mindex.challenge.data.Employee@22a719d2]
2024-02-13 18:39:17.930 DEBUG 218656 --- [o-auto-1-exec-3] c.m.c.service.impl.EmployeeServiceImpl   : Updating employee [com.mindex.challenge.data.Employee@22a719d2]
2024-02-13 18:39:17.961 DEBUG 218656 --- [o-auto-1-exec-4] c.m.c.controller.EmployeeController      : Received employee reporting structure read request for id [16a596ae-edd3-4847-99fe-c4518e82c86f]
2024-02-13 18:39:17.962 DEBUG 218656 --- [o-auto-1-exec-4] c.m.c.service.impl.EmployeeServiceImpl   : Creating employee reporting structure with id [16a596ae-edd3-4847-99fe-c4518e82c86f]
2024-02-13 18:39:17.962 DEBUG 218656 --- [o-auto-1-exec-4] c.m.c.service.impl.EmployeeServiceImpl   : Reading employee with id [16a596ae-edd3-4847-99fe-c4518e82c86f]
2024-02-13 18:39:17.966 DEBUG 218656 --- [o-auto-1-exec-4] c.m.c.service.impl.EmployeeServiceImpl   : Reading employee with id [b7839309-3348-463b-a7e3-5de1c168beb3]
2024-02-13 18:39:17.970 DEBUG 218656 --- [o-auto-1-exec-4] c.m.c.service.impl.EmployeeServiceImpl   : Reading employee with id [03aa1462-ffa9-4978-901b-7c001562cf6f]
2024-02-13 18:39:17.977 DEBUG 218656 --- [o-auto-1-exec-4] c.m.c.service.impl.EmployeeServiceImpl   : Reading employee with id [62c1084e-6e34-4630-93fd-9153afb65309]
2024-02-13 18:39:17.979 DEBUG 218656 --- [o-auto-1-exec-4] c.m.c.service.impl.EmployeeServiceImpl   : Reading employee with id [c0c2293d-16bd-4603-8e08-638a9d18b22c]
]]></system-out>
  <system-err><![CDATA[]]></system-err>
</testsuite>
