<?xml version="1.0" encoding="UTF-8"?>
<testsuite name="com.mindex.challenge.ChallengeApplicationTests" tests="1" skipped="0" failures="0" errors="0" timestamp="2024-02-13T23:39:19" hostname="David" time="0.003">
  <properties/>
  <testcase name="contextLoads" classname="com.mindex.challenge.ChallengeApplicationTests" time="0.003"/>
  <system-out><![CDATA[2024-02-13 18:39:18.168  INFO 218656 --- [    Test worker] .b.t.c.SpringBootTestContextBootstrapper : Neither @ContextConfiguration nor @ContextHierarchy found for test class [com.mindex.challenge.ChallengeApplicationTests], using SpringBootContextLoader
2024-02-13 18:39:18.169  INFO 218656 --- [    Test worker] o.s.t.c.support.AbstractContextLoader    : Could not detect default resource locations for test class [com.mindex.challenge.ChallengeApplicationTests]: no resource found for suffixes {-context.xml, Context.groovy}.
2024-02-13 18:39:18.169  INFO 218656 --- [    Test worker] t.c.s.AnnotationConfigContextLoaderUtils : Could not detect default configuration classes for test class [com.mindex.challenge.ChallengeApplicationTests]: ChallengeApplicationTests does not declare any static, non-private, non-final, nested classes annotated with @Configuration.
2024-02-13 18:39:18.173  INFO 218656 --- [    Test worker] .b.t.c.SpringBootTestContextBootstrapper : Found @SpringBootConfiguration com.mindex.challenge.ChallengeApplication for test class com.mindex.challenge.ChallengeApplicationTests
2024-02-13 18:39:18.176  INFO 218656 --- [    Test worker] .b.t.c.SpringBootTestContextBootstrapper : Loaded default TestExecutionListener class names from location [META-INF/spring.factories]: [org.springframework.boot.test.autoconfigure.restdocs.RestDocsTestExecutionListener, org.springframework.boot.test.autoconfigure.web.client.MockRestServiceServerResetTestExecutionListener, org.springframework.boot.test.autoconfigure.web.servlet.MockMvcPrintOnlyOnFailureTestExecutionListener, org.springframework.boot.test.autoconfigure.web.servlet.WebDriverTestExecutionListener, org.springframework.boot.test.mock.mockito.MockitoTestExecutionListener, org.springframework.boot.test.mock.mockito.ResetMocksTestExecutionListener, org.springframework.test.context.web.ServletTestExecutionListener, org.springframework.test.context.support.DirtiesContextBeforeModesTestExecutionListener, org.springframework.test.context.support.DependencyInjectionTestExecutionListener, org.springframework.test.context.support.DirtiesContextTestExecutionListener, org.springframework.test.context.transaction.TransactionalTestExecutionListener, org.springframework.test.context.jdbc.SqlScriptsTestExecutionListener, org.springframework.test.context.event.EventPublishingTestExecutionListener]
2024-02-13 18:39:18.176  INFO 218656 --- [    Test worker] .b.t.c.SpringBootTestContextBootstrapper : Using TestExecutionListeners: [org.springframework.test.context.web.ServletTestExecutionListener@634148d8, org.springframework.test.context.support.DirtiesContextBeforeModesTestExecutionListener@3d842972, org.springframework.boot.test.mock.mockito.MockitoTestExecutionListener@2441a4c1, org.springframework.boot.test.autoconfigure.SpringBootDependencyInjectionTestExecutionListener@34e5a869, org.springframework.test.context.support.DirtiesContextTestExecutionListener@5d0b31a5, org.springframework.test.context.transaction.TransactionalTestExecutionListener@41584ccf, org.springframework.test.context.jdbc.SqlScriptsTestExecutionListener@68969f89, org.springframework.test.context.event.EventPublishingTestExecutionListener@71a9d412, org.springframework.boot.test.autoconfigure.restdocs.RestDocsTestExecutionListener@752b559b, org.springframework.boot.test.autoconfigure.web.client.MockRestServiceServerResetTestExecutionListener@761641c5, org.springframework.boot.test.autoconfigure.web.servlet.MockMvcPrintOnlyOnFailureTestExecutionListener@2aa0e259, org.springframework.boot.test.autoconfigure.web.servlet.WebDriverTestExecutionListener@1516aa5b, org.springframework.boot.test.mock.mockito.ResetMocksTestExecutionListener@3a3eb2ef]

  .   ____          _            __ _ _
 /\\ / ___'_ __ _ _(_)_ __  __ _ \ \ \ \
( ( )\___ | '_ | '_| | '_ \/ _` | \ \ \ \
 \\/  ___)| |_)| | | | | || (_| |  ) ) ) )
  '  |____| .__|_| |_|_| |_\__, | / / / /
 =========|_|==============|___/=/_/_/_/
 :: Spring Boot ::        (v2.2.0.RELEASE)

2024-02-13 18:39:18.207  INFO 218656 --- [    Test worker] c.m.challenge.ChallengeApplicationTests  : Starting ChallengeApplicationTests on David with PID 218656 (started by david in /home/david/workspace/mindex-java-code-challenge)
2024-02-13 18:39:18.207 DEBUG 218656 --- [    Test worker] c.m.challenge.ChallengeApplicationTests  : Running with Spring Boot v2.2.0.RELEASE, Spring v5.2.0.RELEASE
2024-02-13 18:39:18.207  INFO 218656 --- [    Test worker] c.m.challenge.ChallengeApplicationTests  : No active profile set, falling back to default profiles: default
2024-02-13 18:39:18.367  INFO 218656 --- [    Test worker] .s.d.r.c.RepositoryConfigurationDelegate : Bootstrapping Spring Data repositories in DEFAULT mode.
2024-02-13 18:39:18.377  INFO 218656 --- [    Test worker] .s.d.r.c.RepositoryConfigurationDelegate : Finished Spring Data repository scanning in 8ms. Found 2 repository interfaces.
2024-02-13 18:39:18.556  INFO 218656 --- [    Test worker] de.bwaldvogel.mongo.MongoServer          : started MongoServer(port: 33523, ssl: false)
2024-02-13 18:39:18.558  INFO 218656 --- [    Test worker] org.mongodb.driver.cluster               : Cluster created with settings {hosts=[127.0.0.1:33523], mode=SINGLE, requiredClusterType=UNKNOWN, serverSelectionTimeout='30000 ms', maxWaitQueueSize=500}
2024-02-13 18:39:18.569  WARN 218656 --- [    Test worker] o.s.data.convert.CustomConversions       : Registering converter from class java.time.LocalDateTime to class java.time.Instant as reading converter although it doesn't convert from a store-supported type! You might wanna check you annotation setup at the converter implementation.
2024-02-13 18:39:18.577  WARN 218656 --- [    Test worker] o.s.data.convert.CustomConversions       : Registering converter from class java.time.Instant to class java.time.LocalDateTime as reading converter although it doesn't convert from a store-supported type! You might wanna check you annotation setup at the converter implementation.
2024-02-13 18:39:18.579  WARN 218656 --- [    Test worker] o.s.data.convert.CustomConversions       : Registering converter from class java.time.LocalDateTime to class java.time.Instant as reading converter although it doesn't convert from a store-supported type! You might wanna check you annotation setup at the converter implementation.
2024-02-13 18:39:18.581  WARN 218656 --- [    Test worker] o.s.data.convert.CustomConversions       : Registering converter from class java.time.Instant to class java.time.LocalDateTime as reading converter although it doesn't convert from a store-supported type! You might wanna check you annotation setup at the converter implementation.
2024-02-13 18:39:18.577  INFO 218656 --- [-server-worker1] d.b.mongo.wire.MongoWireProtocolHandler  : client [id: 0xf0d97137, L:/127.0.0.1:33523 - R:/127.0.0.1:51002] connected
2024-02-13 18:39:18.617  INFO 218656 --- [127.0.0.1:33523] org.mongodb.driver.connection            : Opened connection [connectionId{localValue:3}] to 127.0.0.1:33523
2024-02-13 18:39:18.619  INFO 218656 --- [127.0.0.1:33523] org.mongodb.driver.cluster               : Monitor thread successfully connected to server with description ServerDescription{address=127.0.0.1:33523, type=STANDALONE, state=CONNECTED, ok=true, version=ServerVersion{versionList=[3, 0, 0]}, minWireVersion=0, maxWireVersion=2, maxDocumentSize=16777216, logicalSessionTimeoutMinutes=null, roundTripTimeNanos=893000}
2024-02-13 18:39:18.667  INFO 218656 --- [-server-worker2] d.b.mongo.wire.MongoWireProtocolHandler  : client [id: 0xb0ea4a9c, L:/127.0.0.1:33523 - R:/127.0.0.1:51010] connected
2024-02-13 18:39:18.683  INFO 218656 --- [    Test worker] org.mongodb.driver.connection            : Opened connection [connectionId{localValue:4}] to 127.0.0.1:33523
2024-02-13 18:39:18.685  INFO 218656 --- [-server-worker2] d.b.mongo.backend.AbstractMongoBackend   : created database test
2024-02-13 18:39:18.685  INFO 218656 --- [-server-worker2] d.b.mongo.backend.AbstractMongoDatabase  : adding unique _id index for collection employee
2024-02-13 18:39:18.686  INFO 218656 --- [-server-worker2] d.b.mongo.backend.AbstractMongoDatabase  : created collection test.employee
2024-02-13 18:39:18.919  INFO 218656 --- [    Test worker] o.s.s.concurrent.ThreadPoolTaskExecutor  : Initializing ExecutorService 'applicationTaskExecutor'
2024-02-13 18:39:19.040  WARN 218656 --- [    Test worker] o.s.data.convert.CustomConversions       : Registering converter from class java.time.LocalDateTime to class java.time.Instant as reading converter although it doesn't convert from a store-supported type! You might wanna check you annotation setup at the converter implementation.
2024-02-13 18:39:19.040  WARN 218656 --- [    Test worker] o.s.data.convert.CustomConversions       : Registering converter from class java.time.Instant to class java.time.LocalDateTime as reading converter although it doesn't convert from a store-supported type! You might wanna check you annotation setup at the converter implementation.
2024-02-13 18:39:19.050  WARN 218656 --- [    Test worker] o.s.data.convert.CustomConversions       : Registering converter from class java.time.LocalDateTime to class java.time.Instant as reading converter although it doesn't convert from a store-supported type! You might wanna check you annotation setup at the converter implementation.
2024-02-13 18:39:19.050  WARN 218656 --- [    Test worker] o.s.data.convert.CustomConversions       : Registering converter from class java.time.Instant to class java.time.LocalDateTime as reading converter although it doesn't convert from a store-supported type! You might wanna check you annotation setup at the converter implementation.
2024-02-13 18:39:19.102  INFO 218656 --- [    Test worker] c.m.challenge.ChallengeApplicationTests  : Started ChallengeApplicationTests in 0.916 seconds (JVM running for 7.184)
]]></system-out>
  <system-err><![CDATA[]]></system-err>
</testsuite>
